<?xml version="1.0" encoding="UTF-8"?>
<testsuite name="ru.stqa.pft.mantis.tests.RegistrationTests" tests="1" skipped="0" failures="0" errors="0" timestamp="2020-03-02T09:41:01" hostname="DESKTOP-SR5JB9I" time="9.037">
  <properties/>
  <testcase name="testRegistration" classname="ru.stqa.pft.mantis.tests.RegistrationTests" time="9.037"/>
  <system-out><![CDATA[14:41:01.416 [Test worker] DEBUG org.subethamail.smtp.server.CommandHandler - Added command: AUTH
14:41:01.418 [Test worker] DEBUG org.subethamail.smtp.server.CommandHandler - Added command: DATA
14:41:01.418 [Test worker] DEBUG org.subethamail.smtp.server.CommandHandler - Added command: EHLO
14:41:01.418 [Test worker] DEBUG org.subethamail.smtp.server.CommandHandler - Added command: HELO
14:41:01.418 [Test worker] DEBUG org.subethamail.smtp.server.CommandHandler - Added command: HELP
14:41:01.419 [Test worker] DEBUG org.subethamail.smtp.server.CommandHandler - Added command: MAIL
14:41:01.419 [Test worker] DEBUG org.subethamail.smtp.server.CommandHandler - Added command: NOOP
14:41:01.419 [Test worker] DEBUG org.subethamail.smtp.server.CommandHandler - Added command: QUIT
14:41:01.419 [Test worker] DEBUG org.subethamail.smtp.server.CommandHandler - Added command: RCPT
14:41:01.419 [Test worker] DEBUG org.subethamail.smtp.server.CommandHandler - Added command: RSET
14:41:01.419 [Test worker] DEBUG org.subethamail.smtp.server.CommandHandler - Added command: STARTTLS
14:41:01.419 [Test worker] DEBUG org.subethamail.smtp.server.CommandHandler - Added command: VRFY
14:41:01.419 [Test worker] INFO org.subethamail.smtp.server.SMTPServer - SMTP server *:25 starting
14:41:01.422 [org.subethamail.smtp.server.ServerThread *:25] INFO org.subethamail.smtp.server.ServerThread - SMTP server *:25 started
14:41:05.993 [org.subethamail.smtp.server.Session-/0:0:0:0:0:0:0:1:55196] DEBUG org.subethamail.smtp.server.Session - SMTP connection from 0:0:0:0:0:0:0:1/0:0:0:0:0:0:0:1, new connection count: 1
14:41:05.993 [org.subethamail.smtp.server.Session-/0:0:0:0:0:0:0:1:55196] DEBUG org.subethamail.smtp.server.Session - Server: 220 192.168.0.23 ESMTP SubEthaSMTP 3.1.7
14:41:06.000 [org.subethamail.smtp.server.Session-/0:0:0:0:0:0:0:1:55196] DEBUG org.subethamail.smtp.server.Session - Client: EHLO localhost
14:41:06.000 [org.subethamail.smtp.server.Session-/0:0:0:0:0:0:0:1:55196] DEBUG org.subethamail.smtp.server.Session - Server: 250-192.168.0.23
250-8BITMIME
250 Ok
14:41:06.001 [org.subethamail.smtp.server.Session-/0:0:0:0:0:0:0:1:55196] DEBUG org.subethamail.smtp.server.Session - Client: MAIL FROM:<admin@example.com>
14:41:06.004 [org.subethamail.smtp.server.Session-/0:0:0:0:0:0:0:1:55196] DEBUG org.subethamail.smtp.server.Session - Server: 250 Ok
14:41:06.004 [org.subethamail.smtp.server.Session-/0:0:0:0:0:0:0:1:55196] DEBUG org.subethamail.smtp.server.Session - Client: RCPT TO:<user1583142061423@lokalhost.localdomain>
14:41:06.004 [org.subethamail.smtp.server.Session-/0:0:0:0:0:0:0:1:55196] DEBUG org.subethamail.wiser.Wiser - Accepting mail from admin@example.com to user1583142061423@lokalhost.localdomain
14:41:06.005 [org.subethamail.smtp.server.Session-/0:0:0:0:0:0:0:1:55196] DEBUG org.subethamail.smtp.server.Session - Server: 250 Ok
14:41:06.005 [org.subethamail.smtp.server.Session-/0:0:0:0:0:0:0:1:55196] DEBUG org.subethamail.smtp.server.Session - Client: DATA
14:41:06.005 [org.subethamail.smtp.server.Session-/0:0:0:0:0:0:0:1:55196] DEBUG org.subethamail.smtp.server.Session - Server: 354 End data with <CR><LF>.<CR><LF>
14:41:06.009 [org.subethamail.smtp.server.Session-/0:0:0:0:0:0:0:1:55196] DEBUG org.subethamail.wiser.Wiser - Delivering mail from admin@example.com to user1583142061423@lokalhost.localdomain
14:41:06.009 [org.subethamail.smtp.server.Session-/0:0:0:0:0:0:0:1:55196] DEBUG org.subethamail.wiser.Wiser - Creating message from data with 2773 bytes
14:41:06.010 [org.subethamail.smtp.server.Session-/0:0:0:0:0:0:0:1:55196] DEBUG org.subethamail.smtp.server.Session - Server: 250 Ok
14:41:06.010 [org.subethamail.smtp.server.Session-/0:0:0:0:0:0:0:1:55196] DEBUG org.subethamail.smtp.server.Session - Client: RSET
14:41:06.010 [org.subethamail.smtp.server.Session-/0:0:0:0:0:0:0:1:55196] DEBUG org.subethamail.smtp.server.Session - Server: 250 Ok
14:41:06.079 [org.subethamail.smtp.server.Session-/0:0:0:0:0:0:0:1:55196] DEBUG org.subethamail.smtp.server.Session - Client: QUIT
14:41:06.079 [org.subethamail.smtp.server.Session-/0:0:0:0:0:0:0:1:55196] DEBUG org.subethamail.smtp.server.Session - Server: 221 Bye
14:41:06.081 [org.subethamail.smtp.server.Session-/0:0:0:0:0:0:0:1:55197] DEBUG org.subethamail.smtp.server.Session - SMTP connection from 0:0:0:0:0:0:0:1/0:0:0:0:0:0:0:1, new connection count: 1
14:41:06.081 [org.subethamail.smtp.server.Session-/0:0:0:0:0:0:0:1:55197] DEBUG org.subethamail.smtp.server.Session - Server: 220 192.168.0.23 ESMTP SubEthaSMTP 3.1.7
14:41:06.081 [org.subethamail.smtp.server.Session-/0:0:0:0:0:0:0:1:55197] DEBUG org.subethamail.smtp.server.Session - Client: EHLO localhost
14:41:06.081 [org.subethamail.smtp.server.Session-/0:0:0:0:0:0:0:1:55197] DEBUG org.subethamail.smtp.server.Session - Server: 250-192.168.0.23
250-8BITMIME
250 Ok
14:41:06.082 [org.subethamail.smtp.server.Session-/0:0:0:0:0:0:0:1:55197] DEBUG org.subethamail.smtp.server.Session - Client: MAIL FROM:<admin@example.com>
14:41:06.082 [org.subethamail.smtp.server.Session-/0:0:0:0:0:0:0:1:55197] DEBUG org.subethamail.smtp.server.Session - Server: 250 Ok
14:41:06.083 [org.subethamail.smtp.server.Session-/0:0:0:0:0:0:0:1:55197] DEBUG org.subethamail.smtp.server.Session - Client: RCPT TO:<root@localhost>
14:41:06.084 [org.subethamail.smtp.server.Session-/0:0:0:0:0:0:0:1:55197] DEBUG org.subethamail.wiser.Wiser - Accepting mail from admin@example.com to root@localhost
14:41:06.084 [org.subethamail.smtp.server.Session-/0:0:0:0:0:0:0:1:55197] DEBUG org.subethamail.smtp.server.Session - Server: 250 Ok
14:41:06.084 [org.subethamail.smtp.server.Session-/0:0:0:0:0:0:0:1:55197] DEBUG org.subethamail.smtp.server.Session - Client: DATA
14:41:06.084 [org.subethamail.smtp.server.Session-/0:0:0:0:0:0:0:1:55197] DEBUG org.subethamail.smtp.server.Session - Server: 354 End data with <CR><LF>.<CR><LF>
14:41:06.085 [org.subethamail.smtp.server.Session-/0:0:0:0:0:0:0:1:55197] DEBUG org.subethamail.wiser.Wiser - Delivering mail from admin@example.com to root@localhost
14:41:06.085 [org.subethamail.smtp.server.Session-/0:0:0:0:0:0:0:1:55197] DEBUG org.subethamail.wiser.Wiser - Creating message from data with 867 bytes
14:41:06.085 [org.subethamail.smtp.server.Session-/0:0:0:0:0:0:0:1:55197] DEBUG org.subethamail.smtp.server.Session - Server: 250 Ok
14:41:06.086 [org.subethamail.smtp.server.Session-/0:0:0:0:0:0:0:1:55197] DEBUG org.subethamail.smtp.server.Session - Client: RSET
14:41:06.086 [org.subethamail.smtp.server.Session-/0:0:0:0:0:0:0:1:55197] DEBUG org.subethamail.smtp.server.Session - Server: 250 Ok
14:41:06.313 [org.subethamail.smtp.server.Session-/0:0:0:0:0:0:0:1:55197] DEBUG org.subethamail.smtp.server.Session - Client: QUIT
14:41:06.313 [org.subethamail.smtp.server.Session-/0:0:0:0:0:0:0:1:55197] DEBUG org.subethamail.smtp.server.Session - Server: 221 Bye
14:41:10.461 [Test worker] INFO org.subethamail.smtp.server.SMTPServer - SMTP server *:25 stopping
14:41:10.462 [Test worker] DEBUG org.subethamail.smtp.server.ServerThread - SMTP Server socket shut down
14:41:10.462 [org.subethamail.smtp.server.ServerThread *:25] INFO org.subethamail.smtp.server.ServerThread - SMTP server *:25 stopped
]]></system-out>
  <system-err><![CDATA[Starting ChromeDriver 79.0.3945.36 (3582db32b33893869b8c1339e8f4d9ed1816f143-refs/branch-heads/3945@{#614}) on port 18485
Only local connections are allowed.
Please protect ports used by ChromeDriver and related test frameworks to prevent access by malicious code.
[1583142063.104][WARNING]: This version of ChromeDriver has not been tested with Chrome version 80.
мар 02, 2020 2:41:04 PM org.openqa.selenium.remote.ProtocolHandshake createSession
INFO: Detected dialect: W3C
]]></system-err>
</testsuite>
