<?xml version="1.0" encoding="UTF-8"?>
<testsuite name="ru.stqa.ptf.addressbook.tests.ContactCreationTests" tests="1" skipped="0" failures="0" errors="0" timestamp="2020-02-29T10:53:33" hostname="DESKTOP-SR5JB9I" time="2.204">
  <properties/>
  <testcase name="testContactCreation[0](ContactData{id=0, firstname='jon 0', lastname='smith 0'})" classname="ru.stqa.ptf.addressbook.tests.ContactCreationTests" time="2.204"/>
  <system-out><![CDATA[15:53:33.009 [Test worker] INFO  r.s.ptf.addressbook.tests.TestBase - Start test testContactCreation with parameters [ContactData{id=0, firstname='jon 0', lastname='smith 0'}]
Hibernate: select c1_0.id, c1_0.address, c1_0.email, c1_0.email2, c1_0.email3, c1_0.firstname, c1_0.home, c1_0.lastname, c1_0.mobile, c1_0.photo, c1_0.work from addressbook as c1_0
Hibernate: select c1_0.id, c1_0.address, c1_0.email, c1_0.email2, c1_0.email3, c1_0.firstname, c1_0.home, c1_0.lastname, c1_0.mobile, c1_0.photo, c1_0.work from addressbook as c1_0
15:53:35.215 [Test worker] INFO  r.s.ptf.addressbook.tests.TestBase - Stop test testContactCreation
]]></system-out>
  <system-err><![CDATA[Security framework of XStream not initialized, XStream is probably vulnerable.
]]></system-err>
</testsuite>
