<?xml version="1.0" encoding="UTF-8"?>
<testsuite name="ru.stqa.ptf.addressbook.tests.GroupCreationTests" tests="4" skipped="0" failures="0" errors="0" timestamp="2020-02-10T13:54:31" hostname="DESKTOP-SR5JB9I" time="5.882">
  <properties/>
  <testcase name="testBadGroupCreation" classname="ru.stqa.ptf.addressbook.tests.GroupCreationTests" time="1.813"/>
  <testcase name="testGroupCreation[0](GroupData{id='2147483647', name='test1'})" classname="ru.stqa.ptf.addressbook.tests.GroupCreationTests" time="1.32"/>
  <testcase name="testGroupCreation[1](GroupData{id='2147483647', name='test2'})" classname="ru.stqa.ptf.addressbook.tests.GroupCreationTests" time="1.407"/>
  <testcase name="testGroupCreation[2](GroupData{id='2147483647', name='test3'})" classname="ru.stqa.ptf.addressbook.tests.GroupCreationTests" time="1.336"/>
  <system-out><![CDATA[]]></system-out>
  <system-err><![CDATA[]]></system-err>
</testsuite>
