<?xml version="1.0" encoding="UTF-8"?>
<testsuite name="ru.stqa.ptf.addressbook.tests.ContactCreationTests" tests="3" skipped="0" failures="0" errors="0" timestamp="2020-02-17T07:37:56" hostname="DESKTOP-SR5JB9I" time="14.933">
  <properties/>
  <testcase name="testContactCreation[0](ContactData{id=0, firstname='jon 0', lastname='smith 0'})" classname="ru.stqa.ptf.addressbook.tests.ContactCreationTests" time="6.805"/>
  <testcase name="testContactCreation[1](ContactData{id=0, firstname='jon 1', lastname='smith 1'})" classname="ru.stqa.ptf.addressbook.tests.ContactCreationTests" time="3.976"/>
  <testcase name="testContactCreation[2](ContactData{id=0, firstname='jon 2', lastname='smith 2'})" classname="ru.stqa.ptf.addressbook.tests.ContactCreationTests" time="4.151"/>
  <system-out><![CDATA[]]></system-out>
  <system-err><![CDATA[Security framework of XStream not initialized, XStream is probably vulnerable.
]]></system-err>
</testsuite>
