<?xml version="1.0" encoding="UTF-8"?>
<testsuite name="ru.stqa.ptf.addressbook.tests.HbConnectionText" tests="1" skipped="0" failures="0" errors="0" timestamp="2020-02-17T12:31:47" hostname="DESKTOP-SR5JB9I" time="0.322">
  <properties/>
  <testcase name="testHbConnection" classname="ru.stqa.ptf.addressbook.tests.HbConnectionText" time="0.322"/>
  <system-out><![CDATA[17:31:46,040 |-INFO in ch.qos.logback.classic.LoggerContext[default] - Could NOT find resource [logback-test.xml]
17:31:46,040 |-INFO in ch.qos.logback.classic.LoggerContext[default] - Could NOT find resource [logback.groovy]
17:31:46,041 |-INFO in ch.qos.logback.classic.LoggerContext[default] - Found resource [logback.xml] at [file:/C:/lerning/java_pft/addressbook-web-tests/build/resources/test/logback.xml]
17:31:46,079 |-INFO in ch.qos.logback.core.joran.action.ImplicitModelAction - Assuming default class name [ch.qos.logback.classic.encoder.PatternLayoutEncoder] for tag [encoder]
17:31:46,079 |-INFO in ch.qos.logback.core.joran.action.ImplicitModelAction - Assuming default class name [ch.qos.logback.classic.encoder.PatternLayoutEncoder] for tag [encoder]
17:31:46,093 |-INFO in ch.qos.logback.core.model.processor.TimestampModelHandler@73b9c3d9 - Using current interpretation time, i.e. now, as time reference.
17:31:46,094 |-INFO in ch.qos.logback.core.model.processor.TimestampModelHandler@73b9c3d9 - Adding property to the context with key="bySecond" and value="20200217T173146" to the LOCAL scope
17:31:46,095 |-INFO in ch.qos.logback.classic.model.processor.RootLoggerModelHandler@33155f65 - Setting level of ROOT logger to DEBUG
17:31:46,095 |-INFO in ch.qos.logback.core.model.processor.AppenderModelHandler@8a25eaf - Processing appender named [FILE]
17:31:46,095 |-INFO in ch.qos.logback.core.model.processor.AppenderModelHandler@8a25eaf - About to instantiate appender of type [ch.qos.logback.core.FileAppender]
17:31:46,116 |-INFO in ch.qos.logback.core.FileAppender[FILE] - File property is set to [test-20200217T173146.log]
17:31:46,117 |-INFO in ch.qos.logback.core.model.processor.AppenderModelHandler@8a25eaf - Attaching appender [FILE] to Logger[ROOT]
17:31:46,118 |-INFO in ch.qos.logback.core.model.processor.AppenderModelHandler@4422c808 - Processing appender named [STDOUT]
17:31:46,118 |-INFO in ch.qos.logback.core.model.processor.AppenderModelHandler@4422c808 - About to instantiate appender of type [ch.qos.logback.core.ConsoleAppender]
17:31:46,134 |-INFO in ch.qos.logback.core.model.processor.AppenderModelHandler@4422c808 - Attaching appender [STDOUT] to Logger[ROOT]
17:31:46,136 |-INFO in ch.qos.logback.core.model.processor.DefaultProcessor@32ca79f - End of configuration.
17:31:46,137 |-INFO in ch.qos.logback.classic.joran.JoranConfigurator@11187c0 - Registering current configuration as safe fallback point
17:31:46.213 [Test worker] INFO  org.hibernate.Version - HHH000412: Hibernate Core {6.0.0.Alpha4}
17:31:46.596 [Test worker] INFO  o.h.annotations.common.Version - HCANN000001: Hibernate Commons Annotations {5.1.0.Final}
17:31:46.741 [Test worker] WARN  o.hibernate.orm.connections.pooling - HHH10001002: Using Hibernate built-in connection pool (not for production use!)
17:31:46.746 [Test worker] INFO  o.hibernate.orm.connections.pooling - HHH10001005: using driver [com.mysql.jdbc.Driver] at URL [jdbc:mysql://localhost:3306/addressbook?serverTimezone=UTC]
17:31:46.746 [Test worker] INFO  o.hibernate.orm.connections.pooling - HHH10001001: Connection properties: {user=root, password=}
17:31:46.747 [Test worker] INFO  o.hibernate.orm.connections.pooling - HHH10001003: Autocommit mode: false
17:31:46.750 [Test worker] INFO  o.h.e.j.c.i.DriverManagerConnectionProviderImpl - HHH000115: Hibernate connection pool size: 1 (min=1)
17:31:46.935 [Test worker] INFO  org.hibernate.dialect.Dialect - HHH000400: Using dialect: org.hibernate.dialect.MySQLDialect
17:31:47.572 [Test worker] INFO  org.hibernate.orm.connections.access - HHH10001501: Connection obtained from JdbcConnectionAccess [org.hibernate.engine.jdbc.env.internal.JdbcEnvironmentInitiator$ConnectionProviderJdbcConnectionAccess@4a350f4f] for (non-JTA) DDL execution was not in auto-commit mode; the Connection 'local transaction' will be committed and the Connection will be set into auto-commit mode.
17:31:47.646 [Test worker] INFO  o.h.e.t.j.p.i.JtaPlatformInitiator - HHH000490: Using JtaPlatform implementation: [org.hibernate.engine.transaction.jta.platform.internal.NoJtaPlatform]
Hibernate: select c1_0.id, c1_0.address, c1_0.email, c1_0.email2, c1_0.email3, c1_0.firstname, c1_0.home, c1_0.lastname, c1_0.mobile, c1_0.photo, c1_0.work from addressbook as c1_0
ContactData{id=17, firstname='jon1', lastname='smit1'}
ContactData{id=24, firstname='jon1', lastname='smit1'}
ContactData{id=25, firstname='jon1', lastname='smit1'}
ContactData{id=26, firstname='jon 0', lastname='smith 0'}
ContactData{id=27, firstname='jon 1', lastname='smith 1'}
ContactData{id=28, firstname='jon 2', lastname='smith 2'}
ContactData{id=29, firstname='jon 0', lastname='smith 0'}
ContactData{id=30, firstname='jon 1', lastname='smith 1'}
ContactData{id=31, firstname='jon 2', lastname='smith 2'}
ContactData{id=32, firstname='jon 0', lastname='smith 0'}
ContactData{id=33, firstname='jon 1', lastname='smith 1'}
ContactData{id=34, firstname='jon 2', lastname='smith 2'}
ContactData{id=35, firstname='jon 0', lastname='smith 0'}
ContactData{id=36, firstname='jon 1', lastname='smith 1'}
ContactData{id=37, firstname='jon 2', lastname='smith 2'}
]]></system-out>
  <system-err><![CDATA[Loading class `com.mysql.jdbc.Driver'. This is deprecated. The new driver class is `com.mysql.cj.jdbc.Driver'. The driver is automatically registered via the SPI and manual loading of the driver class is generally unnecessary.
]]></system-err>
</testsuite>
