<?xml version="1.0" encoding="UTF-8"?>
<testsuite name="ru.stqa.ptf.addressbook.tests.ContactCreationTests" tests="3" skipped="0" failures="0" errors="0" timestamp="2020-02-10T16:47:18" hostname="DESKTOP-SR5JB9I" time="15.028">
  <properties/>
  <testcase name="testContactCreation[0](ContactData{id=0, firstname='jon 0', lastname='smith 0'})" classname="ru.stqa.ptf.addressbook.tests.ContactCreationTests" time="7.56"/>
  <testcase name="testContactCreation[1](ContactData{id=0, firstname='jon 1', lastname='smith 1'})" classname="ru.stqa.ptf.addressbook.tests.ContactCreationTests" time="4.811"/>
  <testcase name="testContactCreation[2](ContactData{id=0, firstname='jon 2', lastname='smith 2'})" classname="ru.stqa.ptf.addressbook.tests.ContactCreationTests" time="2.654"/>
  <system-out><![CDATA[]]></system-out>
  <system-err><![CDATA[Security framework of XStream not initialized, XStream is probably vulnerable.
]]></system-err>
</testsuite>
