<?xml version="1.0" encoding="UTF-8"?>
<testsuite name="ru.stqa.ptf.addressbook.tests.ContactAllAddressTests" tests="1" skipped="0" failures="0" errors="0" timestamp="2020-02-10T11:31:23" hostname="DESKTOP-SR5JB9I" time="0.718">
  <properties/>
  <testcase name="testContactAllAddressTests" classname="ru.stqa.ptf.addressbook.tests.ContactAllAddressTests" time="0.718"/>
  <system-out><![CDATA[]]></system-out>
  <system-err><![CDATA[]]></system-err>
</testsuite>
