<?xml version="1.0" encoding="UTF-8"?>
<testsuite name="ru.stqa.ptf.addressbook.tests.GroupCreationTests" tests="4" skipped="0" failures="0" errors="0" timestamp="2020-02-10T15:53:58" hostname="DESKTOP-SR5JB9I" time="9.202">
  <properties/>
  <testcase name="testBadGroupCreation" classname="ru.stqa.ptf.addressbook.tests.GroupCreationTests" time="2.83"/>
  <testcase name="testGroupCreation[0](GroupData{id='0', name='test 0'})" classname="ru.stqa.ptf.addressbook.tests.GroupCreationTests" time="2.161"/>
  <testcase name="testGroupCreation[1](GroupData{id='0', name='test 1'})" classname="ru.stqa.ptf.addressbook.tests.GroupCreationTests" time="2.389"/>
  <testcase name="testGroupCreation[2](GroupData{id='0', name='test 2'})" classname="ru.stqa.ptf.addressbook.tests.GroupCreationTests" time="1.617"/>
  <system-out><![CDATA[]]></system-out>
  <system-err><![CDATA[Security framework of XStream not initialized, XStream is probably vulnerable.
]]></system-err>
</testsuite>
