<?xml version="1.0" encoding="UTF-8"?>
<testsuite name="ru.stqa.ptf.addressbook.tests.ContactCreationTests" tests="1" skipped="0" failures="0" errors="0" timestamp="2020-02-10T11:55:14" hostname="DESKTOP-SR5JB9I" time="4.195">
  <properties/>
  <testcase name="testContactCreation" classname="ru.stqa.ptf.addressbook.tests.ContactCreationTests" time="4.195"/>
  <system-out><![CDATA[]]></system-out>
  <system-err><![CDATA[]]></system-err>
</testsuite>
