<?xml version="1.0" encoding="UTF-8"?>
<testsuite name="ru.stqa.ptf.addressbook.tests.GroupModificationTests" tests="1" skipped="0" failures="0" errors="0" timestamp="2020-02-03T12:23:46" hostname="DESKTOP-SR5JB9I" time="1.574">
  <properties/>
  <testcase name="testGroupModification" classname="ru.stqa.ptf.addressbook.tests.GroupModificationTests" time="1.574"/>
  <system-out><![CDATA[]]></system-out>
  <system-err><![CDATA[]]></system-err>
</testsuite>
